0 info it worked if it ends with ok
1 verbose cli [ '/Users/jima/.nodebrew/node/v4.2.2/bin/node',
1 verbose cli   '/Users/jima/.nodebrew/current/bin/npm',
1 verbose cli   'install',
1 verbose cli   'babel-preset-es2015,' ]
2 info using npm@3.4.0
3 info using node@v4.2.2
4 silly loadCurrentTree Starting
5 silly install loadCurrentTree
6 silly install readLocalPackageData
7 silly fetchPackageMetaData babel-preset-es2015,
8 silly fetchOtherPackageData babel-preset-es2015,
9 silly cache add args [ 'babel-preset-es2015,', null ]
10 verbose cache add spec babel-preset-es2015,
11 silly cache add parsed spec Result {
11 silly cache add   raw: 'babel-preset-es2015,',
11 silly cache add   scope: null,
11 silly cache add   name: null,
11 silly cache add   rawSpec: 'babel-preset-es2015,',
11 silly cache add   spec: '/Users/jima/work2/chat/server/src/babel-preset-es2015,',
11 silly cache add   type: 'local' }
12 error addLocal Could not install /Users/jima/work2/chat/server/src/babel-preset-es2015,
13 silly fetchPackageMetaData Error: ENOENT: no such file or directory, open '/Users/jima/work2/chat/server/src/babel-preset-es2015,'
13 silly fetchPackageMetaData     at Error (native)
13 silly fetchPackageMetaData  error for babel-preset-es2015, { [Error: ENOENT: no such file or directory, open '/Users/jima/work2/chat/server/src/babel-preset-es2015,']
13 silly fetchPackageMetaData   errno: -2,
13 silly fetchPackageMetaData   code: 'ENOENT',
13 silly fetchPackageMetaData   syscall: 'open',
13 silly fetchPackageMetaData   path: '/Users/jima/work2/chat/server/src/babel-preset-es2015,' }
14 silly rollbackFailedOptional Starting
15 silly rollbackFailedOptional Finishing
16 silly runTopLevelLifecycles Starting
17 silly runTopLevelLifecycles Finishing
18 silly install printInstalled
19 verbose stack Error: ENOENT: no such file or directory, open '/Users/jima/work2/chat/server/src/babel-preset-es2015,'
19 verbose stack     at Error (native)
20 verbose cwd /Users/jima/work2/chat/server/src
21 error Darwin 14.5.0
22 error argv "/Users/jima/.nodebrew/node/v4.2.2/bin/node" "/Users/jima/.nodebrew/current/bin/npm" "install" "babel-preset-es2015,"
23 error node v4.2.2
24 error npm  v3.4.0
25 error path /Users/jima/work2/chat/server/src/babel-preset-es2015,
26 error code ENOENT
27 error errno -2
28 error syscall open
29 error enoent ENOENT: no such file or directory, open '/Users/jima/work2/chat/server/src/babel-preset-es2015,'
29 error enoent This is most likely not a problem with npm itself
29 error enoent and is related to npm not being able to find a file.
30 verbose exit [ -2, true ]
